\BOOKMARK [1][-]{section.1}{\376\377\000I\000n\000t\000r\000o\000d\000u\000c\000t\000i\000o\000n}{}% 1
\BOOKMARK [1][-]{section.2}{\376\377\000M\000e\000t\000h\000o\000d\000s}{}% 2
\BOOKMARK [2][-]{subsection.2.1}{\376\377\000G\000e\000n\000e\000/\000L\000o\000c\000i\000\040\000C\000u\000r\000a\000t\000i\000o\000n}{section.2}% 3
\BOOKMARK [2][-]{subsection.2.2}{\376\377\000L\000i\000t\000e\000r\000a\000t\000u\000r\000e\000\040\000S\000y\000n\000t\000h\000e\000s\000i\000s\000\040\000S\000t\000r\000a\000t\000e\000g\000y}{section.2}% 4
\BOOKMARK [2][-]{subsection.2.3}{\376\377\000B\000i\000o\000M\000o\000d\000e\000l\000\040\000D\000e\000v\000e\000l\000o\000p\000m\000e\000n\000t}{section.2}% 5
\BOOKMARK [1][-]{section.3}{\376\377\000R\000e\000s\000u\000l\000t\000s}{}% 6
\BOOKMARK [2][-]{subsection.3.1}{\376\377\000G\000e\000n\000e\000t\000i\000c\000\040\000A\000r\000c\000h\000i\000t\000e\000c\000t\000u\000r\000e\000\040\000o\000f\000\040\000A\000u\000t\000i\000s\000m}{section.3}% 7
\BOOKMARK [2][-]{subsection.3.2}{\376\377\000M\000e\000c\000h\000a\000n\000i\000s\000t\000i\000c\000\040\000M\000o\000d\000e\000l\000\040\000o\000f\000\040\000A\000c\000t\000i\000o\000n}{section.3}% 8
\BOOKMARK [3][-]{subsubsection.3.2.1}{\376\377\000O\000x\000i\000d\000a\000t\000i\000v\000e\000\040\000S\000t\000r\000e\000s\000s\000\040\000a\000n\000d\000\040\000M\000i\000t\000o\000c\000h\000o\000n\000d\000r\000i\000a\000l\000\040\000D\000y\000s\000f\000u\000n\000c\000t\000i\000o\000n}{subsection.3.2}% 9
\BOOKMARK [3][-]{subsubsection.3.2.2}{\376\377\000E\000n\000d\000o\000c\000r\000i\000n\000e\000\040\000D\000i\000s\000r\000u\000p\000t\000i\000o\000n}{subsection.3.2}% 10
\BOOKMARK [3][-]{subsubsection.3.2.3}{\376\377\000E\000p\000i\000g\000e\000n\000e\000t\000i\000c\000\040\000R\000e\000p\000r\000o\000g\000r\000a\000m\000m\000i\000n\000g}{subsection.3.2}% 11
\BOOKMARK [3][-]{subsubsection.3.2.4}{\376\377\000O\000l\000i\000g\000o\000d\000e\000n\000d\000r\000o\000c\000y\000t\000e\000\040\000T\000o\000x\000i\000c\000i\000t\000y\000\040\000a\000n\000d\000\040\000M\000y\000e\000l\000i\000n\000a\000t\000i\000o\000n\000\040\000D\000e\000l\000a\000y}{subsection.3.2}% 12
\BOOKMARK [3][-]{subsubsection.3.2.5}{\376\377\000F\000r\000e\000q\000u\000e\000n\000c\000y\000-\000S\000e\000l\000e\000c\000t\000i\000v\000e\000\040\000M\000y\000e\000l\000i\000n\000a\000t\000i\000o\000n\000\040\000D\000i\000s\000r\000u\000p\000t\000i\000o\000n}{subsection.3.2}% 13
\BOOKMARK [3][-]{subsubsection.3.2.6}{\376\377\000A\000l\000t\000e\000r\000e\000d\000\040\000C\000o\000n\000n\000e\000c\000t\000o\000m\000e}{subsection.3.2}% 14
\BOOKMARK [1][-]{section.4}{\376\377\000I\000n\000t\000e\000g\000r\000a\000t\000i\000v\000e\000\040\000S\000y\000s\000t\000e\000m\000s\000\040\000B\000i\000o\000l\000o\000g\000y\000\040\000B\000i\000o\000M\000o\000d\000e\000l}{}% 15
\BOOKMARK [2][-]{subsection.4.1}{\376\377\000C\000o\000n\000c\000e\000p\000t\000u\000a\000l\000\040\000F\000o\000u\000n\000d\000a\000t\000i\000o\000n}{section.4}% 16
\BOOKMARK [2][-]{subsection.4.2}{\376\377\000C\000o\000r\000e\000\040\000D\000i\000f\000f\000e\000r\000e\000n\000t\000i\000a\000l\000\040\000E\000q\000u\000a\000t\000i\000o\000n\000s}{section.4}% 17
\BOOKMARK [2][-]{subsection.4.3}{\376\377\000F\000r\000e\000q\000u\000e\000n\000c\000y\000-\000D\000e\000p\000e\000n\000d\000e\000n\000t\000\040\000T\000r\000a\000n\000s\000m\000i\000s\000s\000i\000o\000n\000\040\000D\000y\000n\000a\000m\000i\000c\000s}{section.4}% 18
\BOOKMARK [2][-]{subsection.4.4}{\376\377\000C\000r\000i\000t\000i\000c\000a\000l\000\040\000W\000i\000n\000d\000o\000w\000s\000\040\000a\000n\000d\000\040\000S\000u\000s\000c\000e\000p\000t\000i\000b\000i\000l\000i\000t\000y}{section.4}% 19
\BOOKMARK [2][-]{subsection.4.5}{\376\377\000M\000o\000d\000e\000l\000\040\000P\000r\000e\000d\000i\000c\000t\000i\000o\000n\000s}{section.4}% 20
\BOOKMARK [1][-]{section.5}{\376\377\000C\000a\000u\000s\000a\000l\000i\000t\000y\000\040\000A\000p\000p\000r\000a\000i\000s\000a\000l\000\040\000\050\000B\000r\000a\000d\000f\000o\000r\000d\000\040\000H\000i\000l\000l\000\040\000C\000r\000i\000t\000e\000r\000i\000a\000\051}{}% 21
\BOOKMARK [2][-]{subsection.5.1}{\376\377\000S\000t\000r\000e\000n\000g\000t\000h\000\040\000o\000f\000\040\000A\000s\000s\000o\000c\000i\000a\000t\000i\000o\000n}{section.5}% 22
\BOOKMARK [2][-]{subsection.5.2}{\376\377\000C\000o\000n\000s\000i\000s\000t\000e\000n\000c\000y}{section.5}% 23
\BOOKMARK [2][-]{subsection.5.3}{\376\377\000S\000p\000e\000c\000i\000f\000i\000c\000i\000t\000y}{section.5}% 24
\BOOKMARK [2][-]{subsection.5.4}{\376\377\000T\000e\000m\000p\000o\000r\000a\000l\000i\000t\000y}{section.5}% 25
\BOOKMARK [2][-]{subsection.5.5}{\376\377\000B\000i\000o\000l\000o\000g\000i\000c\000a\000l\000\040\000G\000r\000a\000d\000i\000e\000n\000t}{section.5}% 26
\BOOKMARK [2][-]{subsection.5.6}{\376\377\000P\000l\000a\000u\000s\000i\000b\000i\000l\000i\000t\000y}{section.5}% 27
\BOOKMARK [2][-]{subsection.5.7}{\376\377\000C\000o\000h\000e\000r\000e\000n\000c\000e}{section.5}% 28
\BOOKMARK [2][-]{subsection.5.8}{\376\377\000E\000x\000p\000e\000r\000i\000m\000e\000n\000t\000a\000l\000\040\000E\000v\000i\000d\000e\000n\000c\000e}{section.5}% 29
\BOOKMARK [2][-]{subsection.5.9}{\376\377\000A\000n\000a\000l\000o\000g\000y}{section.5}% 30
\BOOKMARK [1][-]{section.6}{\376\377\000C\000l\000i\000n\000i\000c\000a\000l\000\040\000G\000u\000i\000d\000e\000l\000i\000n\000e\000\040\000P\000r\000o\000p\000o\000s\000a\000l\000s}{}% 31
\BOOKMARK [1][-]{section.7}{\376\377\000P\000o\000l\000i\000c\000y\000\040\000R\000e\000c\000o\000m\000m\000e\000n\000d\000a\000t\000i\000o\000n\000s}{}% 32
\BOOKMARK [1][-]{section.8}{\376\377\000D\000i\000s\000c\000u\000s\000s\000i\000o\000n}{}% 33
\BOOKMARK [2][-]{subsection.8.1}{\376\377\000C\000l\000i\000n\000i\000c\000a\000l\000\040\000T\000r\000a\000n\000s\000l\000a\000t\000i\000o\000n}{section.8}% 34
\BOOKMARK [2][-]{subsection.8.2}{\376\377\000P\000a\000t\000i\000e\000n\000t\000\040\000A\000d\000v\000o\000c\000a\000c\000y\000\040\000a\000n\000d\000\040\000C\000o\000m\000m\000u\000n\000i\000c\000a\000t\000i\000o\000n}{section.8}% 35
\BOOKMARK [2][-]{subsection.8.3}{\376\377\000I\000m\000p\000l\000i\000c\000a\000t\000i\000o\000n\000s\000\040\000o\000f\000\040\000F\000r\000e\000q\000u\000e\000n\000c\000y\000-\000S\000e\000l\000e\000c\000t\000i\000v\000e\000\040\000D\000i\000s\000r\000u\000p\000t\000i\000o\000n}{section.8}% 36
\BOOKMARK [2][-]{subsection.8.4}{\376\377\000R\000e\000s\000e\000a\000r\000c\000h\000\040\000R\000o\000a\000d\000m\000a\000p}{section.8}% 37
\BOOKMARK [2][-]{subsection.8.5}{\376\377\000L\000i\000m\000i\000t\000a\000t\000i\000o\000n\000s\000\040\000a\000n\000d\000\040\000U\000n\000c\000e\000r\000t\000a\000i\000n\000t\000i\000e\000s}{section.8}% 38
\BOOKMARK [1][-]{section.9}{\376\377\000C\000o\000n\000c\000l\000u\000s\000i\000o\000n}{}% 39
\BOOKMARK [1][-]{appendix.A}{\376\377\000T\000e\000c\000h\000n\000i\000c\000a\000l\000\040\000A\000p\000p\000e\000n\000d\000i\000x\000:\000\040\000D\000e\000t\000a\000i\000l\000e\000d\000\040\000M\000a\000t\000h\000e\000m\000a\000t\000i\000c\000a\000l\000\040\000F\000r\000a\000m\000e\000w\000o\000r\000k}{}% 40
\BOOKMARK [2][-]{subsection.A.1}{\376\377\000P\000h\000a\000r\000m\000a\000c\000o\000k\000i\000n\000e\000t\000i\000c\000\040\000P\000a\000t\000h\000w\000a\000y}{appendix.A}% 41
\BOOKMARK [2][-]{subsection.A.2}{\376\377\000M\000e\000t\000a\000b\000o\000l\000i\000c\000\040\000T\000o\000x\000i\000c\000i\000t\000y\000\040\000P\000a\000t\000h\000w\000a\000y}{appendix.A}% 42
\BOOKMARK [2][-]{subsection.A.3}{\376\377\000E\000n\000d\000o\000c\000r\000i\000n\000e\000\040\000D\000i\000s\000r\000u\000p\000t\000i\000o\000n\000\040\000P\000a\000t\000h\000w\000a\000y}{appendix.A}% 43
\BOOKMARK [2][-]{subsection.A.4}{\376\377\000E\000p\000i\000g\000e\000n\000e\000t\000i\000c\000\040\000M\000e\000c\000h\000a\000n\000i\000s\000m\000s}{appendix.A}% 44
\BOOKMARK [2][-]{subsection.A.5}{\376\377\000M\000y\000e\000l\000i\000n\000a\000t\000i\000o\000n\000\040\000M\000e\000c\000h\000a\000n\000i\000s\000m\000s}{appendix.A}% 45
\BOOKMARK [2][-]{subsection.A.6}{\376\377\000F\000r\000e\000q\000u\000e\000n\000c\000y\000-\000D\000e\000p\000e\000n\000d\000e\000n\000t\000\040\000T\000r\000a\000n\000s\000m\000i\000s\000s\000i\000o\000n}{appendix.A}% 46
\BOOKMARK [2][-]{subsection.A.7}{\376\377\000C\000r\000i\000t\000i\000c\000a\000l\000\040\000P\000e\000r\000i\000o\000d\000\040\000S\000e\000n\000s\000i\000t\000i\000v\000i\000t\000y}{appendix.A}% 47
\BOOKMARK [2][-]{subsection.A.8}{\376\377\000D\000o\000s\000e\000-\000R\000e\000s\000p\000o\000n\000s\000e\000\040\000D\000y\000n\000a\000m\000i\000c\000s}{appendix.A}% 48
\BOOKMARK [2][-]{subsection.A.9}{\376\377\000F\000o\000l\000a\000t\000e\000\040\000I\000n\000t\000e\000r\000a\000c\000t\000i\000o\000n\000\040\000P\000a\000t\000h\000w\000a\000y}{appendix.A}% 49
\BOOKMARK [2][-]{subsection.A.10}{\376\377\000C\000o\000n\000n\000e\000c\000t\000o\000m\000e\000\040\000R\000e\000m\000o\000d\000e\000l\000i\000n\000g}{appendix.A}% 50
\BOOKMARK [2][-]{subsection.A.11}{\376\377\000I\000n\000t\000e\000g\000r\000a\000t\000e\000d\000\040\000P\000a\000t\000h\000w\000a\000y\000\040\000M\000o\000d\000e\000l}{appendix.A}% 51
\BOOKMARK [1][-]{appendix.B}{\376\377\000N\000o\000t\000a\000t\000i\000o\000n}{}% 52
\BOOKMARK [1][-]{appendix.C}{\376\377\000A\000S\000D\000-\000A\000s\000s\000o\000c\000i\000a\000t\000e\000d\000\040\000G\000e\000n\000e\000t\000i\000c\000\040\000L\000o\000c\000i}{}% 53
\BOOKMARK [2][-]{subsection.C.1}{\376\377\000O\000v\000e\000r\000v\000i\000e\000w}{appendix.C}% 54
\BOOKMARK [2][-]{subsection.C.2}{\376\377\000C\000h\000r\000o\000m\000o\000s\000o\000m\000a\000l\000\040\000D\000i\000s\000t\000r\000i\000b\000u\000t\000i\000o\000n}{appendix.C}% 55
\BOOKMARK [1][-]{appendix.D}{\376\377\000S\000u\000p\000p\000o\000r\000t\000i\000n\000g\000\040\000E\000v\000i\000d\000e\000n\000c\000e\000\040\000f\000r\000o\000m\000\040\000N\000e\000u\000r\000o\000i\000m\000a\000g\000i\000n\000g\000\040\000S\000t\000u\000d\000i\000e\000s}{}% 56
